<?xml version="1.0" encoding="UTF-8"?>
<testng-results skipped="0" failed="0" ignored="0" total="1" passed="1">
  <reporter-output>
  </reporter-output>
  <suite name="Default suite" duration-ms="17711" started-at="2021-02-19T15:53:44 CST" finished-at="2021-02-19T15:54:02 CST">
    <groups>
    </groups>
    <test name="Default test" duration-ms="17711" started-at="2021-02-19T15:53:44 CST" finished-at="2021-02-19T15:54:02 CST">
      <class name="Main">
        <test-method status="PASS" signature="beforeTest()[pri:0, instance:Main@2781e022]" name="beforeTest" is-config="true" duration-ms="5388" started-at="2021-02-19T15:53:45 CST" finished-at="2021-02-19T15:53:50 CST">
          <reporter-output>
          </reporter-output>
        </test-method> <!-- beforeTest -->
        <test-method status="PASS" signature="Tarea1()[pri:0, instance:Main@2781e022]" name="Tarea1" duration-ms="12294" started-at="2021-02-19T15:53:50 CST" finished-at="2021-02-19T15:54:02 CST">
          <reporter-output>
          </reporter-output>
        </test-method> <!-- Tarea1 -->
      </class> <!-- Main -->
    </test> <!-- Default test -->
  </suite> <!-- Default suite -->
</testng-results>
